Build started 8/12/2013 9:40:02 AM.
     1>Project "C:\Documents and Settings\haptic\Desktop\Master-Slave recombined final\AnchoredSpringForce.vcxproj" on node 2 (build target(s)).
     1>InitializeBuildStatus:
         Touching ".\Debug\AnchoredSpringForce.unsuccessfulbuild".
       ClCompile:
         c:\Program Files\Microsoft Visual Studio 10.0\VC\bin\CL.exe /c /IC:\OpenHaptics\Academic\3.1\include /IC:\OpenHaptics\Academic\3.1\utilities\include /ZI /nologo /W3 /WX- /Od /Oy- /D _DEBUG /D WIN32 /D _CONSOLE /D _VC80_UPGRADE=0x0600 /Gm /EHsc /RTC1 /MDd /GS /fp:precise /Zc:wchar_t /Zc:forScope /Fo".\Debug/" /Fd".\Debug/vc100.pdb" /Gd /TP /analyze- /errorReport:prompt masterslave.cpp udpnet.cpp
         udpnet.cpp
     1>c:\documents and settings\haptic\desktop\master-slave recombined final\udpnet.cpp(70): warning C4996: 'strcpy': This function or variable may be unsafe. Consider using strcpy_s instead. To disable deprecation, use _CRT_SECURE_NO_WARNINGS. See online help for details.
                 c:\program files\microsoft visual studio 10.0\vc\include\string.h(105) : see declaration of 'strcpy'
     1>c:\documents and settings\haptic\desktop\master-slave recombined final\udpnet.cpp(117): warning C4996: 'strcpy': This function or variable may be unsafe. Consider using strcpy_s instead. To disable deprecation, use _CRT_SECURE_NO_WARNINGS. See online help for details.
                 c:\program files\microsoft visual studio 10.0\vc\include\string.h(105) : see declaration of 'strcpy'
         masterslave.cpp
     1>c:\documents and settings\haptic\desktop\master-slave recombined final\masterslave.cpp(106): warning C4996: 'fopen': This function or variable may be unsafe. Consider using fopen_s instead. To disable deprecation, use _CRT_SECURE_NO_WARNINGS. See online help for details.
                 c:\program files\microsoft visual studio 10.0\vc\include\stdio.h(234) : see declaration of 'fopen'
     1>c:\documents and settings\haptic\desktop\master-slave recombined final\masterslave.cpp(109): warning C4996: 'fopen': This function or variable may be unsafe. Consider using fopen_s instead. To disable deprecation, use _CRT_SECURE_NO_WARNINGS. See online help for details.
                 c:\program files\microsoft visual studio 10.0\vc\include\stdio.h(234) : see declaration of 'fopen'
     1>c:\documents and settings\haptic\desktop\master-slave recombined final\masterslave.cpp(117): warning C4996: 'fscanf': This function or variable may be unsafe. Consider using fscanf_s instead. To disable deprecation, use _CRT_SECURE_NO_WARNINGS. See online help for details.
                 c:\program files\microsoft visual studio 10.0\vc\include\stdio.h(253) : see declaration of 'fscanf'
     1>c:\documents and settings\haptic\desktop\master-slave recombined final\masterslave.cpp(120): warning C4996: 'fscanf': This function or variable may be unsafe. Consider using fscanf_s instead. To disable deprecation, use _CRT_SECURE_NO_WARNINGS. See online help for details.
                 c:\program files\microsoft visual studio 10.0\vc\include\stdio.h(253) : see declaration of 'fscanf'
     1>c:\documents and settings\haptic\desktop\master-slave recombined final\masterslave.cpp(132): warning C4996: 'fscanf': This function or variable may be unsafe. Consider using fscanf_s instead. To disable deprecation, use _CRT_SECURE_NO_WARNINGS. See online help for details.
                 c:\program files\microsoft visual studio 10.0\vc\include\stdio.h(253) : see declaration of 'fscanf'
     1>c:\documents and settings\haptic\desktop\master-slave recombined final\masterslave.cpp(194): warning C4996: 'getch': The POSIX name for this item is deprecated. Instead, use the ISO C++ conformant name: _getch. See online help for details.
                 c:\program files\microsoft visual studio 10.0\vc\include\conio.h(128) : see declaration of 'getch'
     1>c:\documents and settings\haptic\desktop\master-slave recombined final\masterslave.cpp(216): warning C4996: 'getch': The POSIX name for this item is deprecated. Instead, use the ISO C++ conformant name: _getch. See online help for details.
                 c:\program files\microsoft visual studio 10.0\vc\include\conio.h(128) : see declaration of 'getch'
     1>c:\documents and settings\haptic\desktop\master-slave recombined final\masterslave.cpp(289): warning C4996: 'sscanf': This function or variable may be unsafe. Consider using sscanf_s instead. To disable deprecation, use _CRT_SECURE_NO_WARNINGS. See online help for details.
                 c:\program files\microsoft visual studio 10.0\vc\include\stdio.h(325) : see declaration of 'sscanf'
     1>c:\documents and settings\haptic\desktop\master-slave recombined final\masterslave.cpp(290): warning C4244: '+=' : conversion from 'double' to 'float', possible loss of data
     1>c:\documents and settings\haptic\desktop\master-slave recombined final\masterslave.cpp(291): warning C4244: '=' : conversion from 'double' to 'float', possible loss of data
     1>c:\documents and settings\haptic\desktop\master-slave recombined final\masterslave.cpp(292): warning C4244: '=' : conversion from 'double' to 'float', possible loss of data
     1>c:\documents and settings\haptic\desktop\master-slave recombined final\masterslave.cpp(301): warning C4996: 'sscanf': This function or variable may be unsafe. Consider using sscanf_s instead. To disable deprecation, use _CRT_SECURE_NO_WARNINGS. See online help for details.
                 c:\program files\microsoft visual studio 10.0\vc\include\stdio.h(325) : see declaration of 'sscanf'
     1>c:\documents and settings\haptic\desktop\master-slave recombined final\masterslave.cpp(319): warning C4996: 'getch': The POSIX name for this item is deprecated. Instead, use the ISO C++ conformant name: _getch. See online help for details.
                 c:\program files\microsoft visual studio 10.0\vc\include\conio.h(128) : see declaration of 'getch'
     1>c:\documents and settings\haptic\desktop\master-slave recombined final\masterslave.cpp(398): warning C4996: 'sprintf': This function or variable may be unsafe. Consider using sprintf_s instead. To disable deprecation, use _CRT_SECURE_NO_WARNINGS. See online help for details.
                 c:\program files\microsoft visual studio 10.0\vc\include\stdio.h(371) : see declaration of 'sprintf'
         Generating Code...
       ManifestResourceCompile:
         c:\Program Files\Microsoft SDKs\Windows\v7.0A\bin\rc.exe /nologo /fo".\Debug\AnchoredSpringForce.exe.embed.manifest.res" .\Debug\AnchoredSpringForce_manifest.rc 
       Link:
         c:\Program Files\Microsoft Visual Studio 10.0\VC\bin\link.exe /ERRORREPORT:PROMPT /OUT:".\Debug/AnchoredSpringForce.exe" /INCREMENTAL /NOLOGO /LIBPATH:C:\OpenHaptics\Academic\3.1\lib\Win32\Debug /LIBPATH:C:\OpenHaptics\Academic\3.1\utilities\lib\Win32\Debug /LIBPATH:C:\OpenHaptics\Academic\3.1\lib\Win32 hdu.lib hd.lib ws2_32.lib kernel32.lib user32.lib gdi32.lib winspool.lib comdlg32.lib advapi32.lib shell32.lib ole32.lib oleaut32.lib uuid.lib odbc32.lib odbccp32.lib /MANIFEST /ManifestFile:".\Debug\AnchoredSpringForce.exe.intermediate.manifest" /MANIFESTUAC:"level='asInvoker' uiAccess='false'" /DEBUG /PDB:".\Debug/AnchoredSpringForce.pdb" /SUBSYSTEM:CONSOLE /TLBID:1 /DYNAMICBASE /NXCOMPAT /IMPLIB:".\Debug\AnchoredSpringForce.lib" /MACHINE:X86 .\Debug\AnchoredSpringForce.exe.embed.manifest.res
         .\Debug/masterslave.obj
         .\Debug/udpnet.obj
     1>hdu.lib(hduError.obj) : warning LNK4204: 'C:\Documents and Settings\haptic\Desktop\Master-Slave recombined final\Debug\vc100.pdb' is missing debugging information for referencing module; linking object as if no debug info
       Manifest:
         c:\Program Files\Microsoft SDKs\Windows\v7.0A\bin\mt.exe /nologo /verbose /out:".\Debug\AnchoredSpringForce.exe.embed.manifest" /manifest .\Debug\AnchoredSpringForce.exe.intermediate.manifest
         c:\Program Files\Microsoft SDKs\Windows\v7.0A\bin\rc.exe /nologo /fo".\Debug\AnchoredSpringForce.exe.embed.manifest.res" .\Debug\AnchoredSpringForce_manifest.rc 
       LinkEmbedManifest:
         c:\Program Files\Microsoft Visual Studio 10.0\VC\bin\link.exe /ERRORREPORT:PROMPT /OUT:".\Debug/AnchoredSpringForce.exe" /INCREMENTAL /NOLOGO /LIBPATH:C:\OpenHaptics\Academic\3.1\lib\Win32\Debug /LIBPATH:C:\OpenHaptics\Academic\3.1\utilities\lib\Win32\Debug /LIBPATH:C:\OpenHaptics\Academic\3.1\lib\Win32 hdu.lib hd.lib ws2_32.lib kernel32.lib user32.lib gdi32.lib winspool.lib comdlg32.lib advapi32.lib shell32.lib ole32.lib oleaut32.lib uuid.lib odbc32.lib odbccp32.lib /MANIFEST /ManifestFile:".\Debug\AnchoredSpringForce.exe.intermediate.manifest" /MANIFESTUAC:"level='asInvoker' uiAccess='false'" /DEBUG /PDB:".\Debug/AnchoredSpringForce.pdb" /SUBSYSTEM:CONSOLE /TLBID:1 /DYNAMICBASE /NXCOMPAT /IMPLIB:".\Debug\AnchoredSpringForce.lib" /MACHINE:X86 .\Debug\AnchoredSpringForce.exe.embed.manifest.res
         .\Debug/masterslave.obj
         .\Debug/udpnet.obj
         AnchoredSpringForce.vcxproj -> C:\Documents and Settings\haptic\Desktop\Master-Slave recombined final\.\Debug\AnchoredSpringForce.exe
       FinalizeBuildStatus:
         Deleting file ".\Debug\AnchoredSpringForce.unsuccessfulbuild".
         Touching ".\Debug\AnchoredSpringForce.lastbuildstate".
     1>Done Building Project "C:\Documents and Settings\haptic\Desktop\Master-Slave recombined final\AnchoredSpringForce.vcxproj" (build target(s)).

Build succeeded.

Time Elapsed 00:00:13.96
